<?xml version="1.0" encoding="UTF-8"?>
<!-- Generated by org.testng.reporters.JUnitReportReporter -->
<testsuite skipped="0" hostname="DESKTOP-3ROKAB7" name="com.TestRunner.Demo.TestRunner" tests="1" failures="0" timestamp="2021-04-15T18:02:56 CDT" time="10.779" errors="0">
  <testcase name="feature" time="10.779" classname="com.TestRunner.Demo.TestRunner"/>
  <system-out/>
</testsuite> <!-- com.TestRunner.Demo.TestRunner -->
