<?xml version="1.0" encoding="UTF-8"?>
<!-- Generated by org.testng.reporters.JUnitReportReporter -->
<testsuite hostname="DESKTOP-3ROKAB7" failures="0" tests="1" name="com.TestRunner.Demo.TestRunner" time="8.424" errors="0" timestamp="2020-12-15T17:28:10 CST" skipped="0">
  <testcase classname="com.TestRunner.Demo.TestRunner" name="feature" time="8.424"/>
  <system-out/>
</testsuite> <!-- com.TestRunner.Demo.TestRunner -->
