<?xml version="1.0" encoding="UTF-8"?>
<!-- Generated by org.testng.reporters.JUnitReportReporter -->
<testsuite hostname="DESKTOP-3ROKAB7" failures="0" tests="1" name="com.TestRunner.Demo.TestRunner" time="10.355" errors="0" timestamp="2020-11-08T13:37:48 CST" skipped="0">
  <testcase classname="com.TestRunner.Demo.TestRunner" name="feature" time="10.355"/>
  <system-out/>
</testsuite> <!-- com.TestRunner.Demo.TestRunner -->
