<?xml version="1.0" encoding="UTF-8"?>
<!-- Generated by org.testng.reporters.JUnitReportReporter -->
<testsuite skipped="0" hostname="DESKTOP-3ROKAB7" name="com.TestRunner.Demo.TestRunner" tests="1" failures="0" timestamp="2021-05-27T22:51:34 CDT" time="9.927" errors="0">
  <testcase name="feature" time="9.927" classname="com.TestRunner.Demo.TestRunner"/>
  <system-out/>
</testsuite> <!-- com.TestRunner.Demo.TestRunner -->
