<?xml version="1.0" encoding="UTF-8"?>
<!-- Generated by org.testng.reporters.JUnitReportReporter -->
<testsuite hostname="SATAISUEFI" failures="0" tests="1" name="com.TestRunner.Demo.TestRunner" time="20.263" errors="0" timestamp="2020-10-05T20:48:21 CDT" skipped="0">
  <testcase classname="com.TestRunner.Demo.TestRunner" name="feature" time="20.263"/>
  <system-out/>
</testsuite> <!-- com.TestRunner.Demo.TestRunner -->
