<?xml version="1.0" encoding="UTF-8"?>
<!-- Generated by org.testng.reporters.JUnitReportReporter -->
<testsuite skipped="0" hostname="DESKTOP-3ROKAB7" name="com.TestRunner.Demo.TestRunner" tests="2" failures="0" timestamp="2022-06-03T08:22:31 CDT" time="22.279" errors="0">
  <testcase name="feature" time="11.321" classname="com.TestRunner.Demo.TestRunner"/>
  <system-out/>
  <testcase name="feature" time="10.958" classname="com.TestRunner.Demo.TestRunner"/>
  <system-out/>
</testsuite> <!-- com.TestRunner.Demo.TestRunner -->
