<?xml version="1.0" encoding="UTF-8"?>
<!-- Generated by org.testng.reporters.JUnitReportReporter -->
<testsuite skipped="0" hostname="DESKTOP-3ROKAB7" name="com.TestRunner.Demo.TestRunner" tests="2" failures="0" timestamp="2022-06-03T08:14:59 CDT" time="22.778" errors="0">
  <testcase name="feature" time="11.473" classname="com.TestRunner.Demo.TestRunner"/>
  <system-out/>
  <testcase name="feature" time="11.305" classname="com.TestRunner.Demo.TestRunner"/>
  <system-out/>
</testsuite> <!-- com.TestRunner.Demo.TestRunner -->
