<?xml version="1.0" encoding="UTF-8"?>
<!-- Generated by org.testng.reporters.JUnitReportReporter -->
<testsuite skipped="0" hostname="DESKTOP-3ROKAB7" name="com.TestRunner.Demo.TestRunner" tests="2" failures="0" timestamp="2022-06-03T09:42:48 CDT" time="23.452" errors="0">
  <testcase name="feature" time="11.324" classname="com.TestRunner.Demo.TestRunner"/>
  <system-out/>
  <testcase name="feature" time="12.128" classname="com.TestRunner.Demo.TestRunner"/>
  <system-out/>
</testsuite> <!-- com.TestRunner.Demo.TestRunner -->
