<?xml version="1.0" encoding="UTF-8"?>
<!-- Generated by org.testng.reporters.JUnitReportReporter -->
<testsuite hostname="SATAISUEFI" failures="0" tests="1" name="com.TestRunner.Demo.TestRunner" time="19.398" errors="0" timestamp="2020-10-04T12:14:12 CDT" skipped="0">
  <testcase classname="com.TestRunner.Demo.TestRunner" name="feature" time="19.398"/>
  <system-out/>
</testsuite> <!-- com.TestRunner.Demo.TestRunner -->
